<?xml version="1.0" encoding="UTF-8"?>
<coverage generated="1701016512986" clover="3.2.0">
  <project timestamp="1701016512986" name="All files">
    <metrics statements="65" coveredstatements="52" conditionals="18" coveredconditionals="12" methods="30" coveredmethods="22" elements="113" coveredelements="86" complexity="0" loc="65" ncloc="65" packages="1" files="6" classes="6"/>
    <file name="Filters.js" path="/Users/ajitkumarchaubey/Desktop/React-Webpack/src/components/Filters.js">
      <metrics statements="5" coveredstatements="5" conditionals="0" coveredconditionals="0" methods="4" coveredmethods="4"/>
      <line num="4" count="1" type="stmt"/>
      <line num="5" count="11" type="stmt"/>
      <line num="17" count="44" type="stmt"/>
      <line num="21" count="121" type="stmt"/>
      <line num="27" count="1" type="stmt"/>
    </file>
    <file name="Header.js" path="/Users/ajitkumarchaubey/Desktop/React-Webpack/src/components/Header.js">
      <metrics statements="3" coveredstatements="3" conditionals="4" coveredconditionals="4" methods="1" coveredmethods="1"/>
      <line num="5" count="3" type="stmt"/>
      <line num="6" count="17" type="stmt"/>
      <line num="7" count="17" type="stmt"/>
    </file>
    <file name="LandingPage.js" path="/Users/ajitkumarchaubey/Desktop/React-Webpack/src/components/LandingPage.js">
      <metrics statements="35" coveredstatements="28" conditionals="8" coveredconditionals="6" methods="12" coveredmethods="9"/>
      <line num="8" count="1" type="stmt"/>
      <line num="9" count="10" type="stmt"/>
      <line num="10" count="10" type="stmt"/>
      <line num="11" count="10" type="stmt"/>
      <line num="13" count="10" type="stmt"/>
      <line num="14" count="4" type="stmt"/>
      <line num="17" count="10" type="stmt"/>
      <line num="18" count="5" type="cond" truecount="2" falsecount="0"/>
      <line num="19" count="4" type="stmt"/>
      <line num="22" count="10" type="stmt"/>
      <line num="23" count="8" type="stmt"/>
      <line num="26" count="8" type="stmt"/>
      <line num="27" count="8" type="stmt"/>
      <line num="30" count="10" type="stmt"/>
      <line num="31" count="1" type="stmt"/>
      <line num="33" count="1" type="cond" truecount="1" falsecount="1"/>
      <line num="34" count="1" type="stmt"/>
      <line num="35" count="1" type="stmt"/>
      <line num="36" count="2" type="stmt"/>
      <line num="41" count="1" type="stmt"/>
      <line num="43" count="0" type="stmt"/>
      <line num="44" count="0" type="stmt"/>
      <line num="46" count="0" type="stmt"/>
      <line num="47" count="0" type="stmt"/>
      <line num="48" count="0" type="stmt"/>
      <line num="52" count="0" type="stmt"/>
      <line num="55" count="1" type="stmt"/>
      <line num="58" count="10" type="stmt"/>
      <line num="59" count="1" type="cond" truecount="1" falsecount="1"/>
      <line num="60" count="0" type="stmt"/>
      <line num="62" count="1" type="stmt"/>
      <line num="64" count="2" type="cond" truecount="2" falsecount="0"/>
      <line num="67" count="1" type="stmt"/>
      <line num="69" count="10" type="stmt"/>
      <line num="89" count="8" type="stmt"/>
    </file>
    <file name="Product.js" path="/Users/ajitkumarchaubey/Desktop/React-Webpack/src/components/Product.js">
      <metrics statements="13" coveredstatements="7" conditionals="4" coveredconditionals="1" methods="8" coveredmethods="3"/>
      <line num="5" count="1" type="stmt"/>
      <line num="6" count="2" type="stmt"/>
      <line num="8" count="2" type="stmt"/>
      <line num="9" count="2" type="stmt"/>
      <line num="10" count="0" type="stmt"/>
      <line num="14" count="2" type="stmt"/>
      <line num="15" count="2" type="stmt"/>
      <line num="16" count="0" type="cond" truecount="0" falsecount="2"/>
      <line num="17" count="0" type="stmt"/>
      <line num="20" count="0" type="stmt"/>
      <line num="23" count="2" type="stmt"/>
      <line num="36" count="0" type="stmt"/>
      <line num="69" count="0" type="stmt"/>
    </file>
    <file name="ProductCard.js" path="/Users/ajitkumarchaubey/Desktop/React-Webpack/src/components/ProductCard.js">
      <metrics statements="4" coveredstatements="4" conditionals="2" coveredconditionals="1" methods="2" coveredmethods="2"/>
      <line num="4" count="2" type="stmt"/>
      <line num="5" count="10" type="stmt"/>
      <line num="6" count="10" type="stmt"/>
      <line num="35" count="1" type="cond" truecount="1" falsecount="1"/>
    </file>
    <file name="SearchBar.js" path="/Users/ajitkumarchaubey/Desktop/React-Webpack/src/components/SearchBar.js">
      <metrics statements="5" coveredstatements="5" conditionals="0" coveredconditionals="0" methods="3" coveredmethods="3"/>
      <line num="3" count="1" type="stmt"/>
      <line num="4" count="12" type="stmt"/>
      <line num="5" count="12" type="stmt"/>
      <line num="11" count="1" type="stmt"/>
      <line num="30" count="1" type="stmt"/>
    </file>
  </project>
</coverage>
