{"/Users/ajitkumarchaubey/Desktop/React-Webpack/src/components/Filters.js": {"path":"/Users/ajitkumarchaubey/Desktop/React-Webpack/src/components/Filters.js","statementMap":{"0":{"start":{"line":4,"column":23},"end":{"line":39,"column":1}},"1":{"start":{"line":5,"column":1},"end":{"line":38,"column":3}},"2":{"start":{"line":17,"column":4},"end":{"line":35,"column":6}},"3":{"start":{"line":21,"column":7},"end":{"line":32,"column":9}},"4":{"start":{"line":27,"column":11},"end":{"line":27,"column":53}}},"fnMap":{"0":{"name":"(anonymous_0)","decl":{"start":{"line":4,"column":23},"end":{"line":4,"column":24}},"loc":{"start":{"line":4,"column":45},"end":{"line":39,"column":1}},"line":4},"1":{"name":"(anonymous_1)","decl":{"start":{"line":16,"column":24},"end":{"line":16,"column":25}},"loc":{"start":{"line":16,"column":49},"end":{"line":36,"column":4}},"line":16},"2":{"name":"(anonymous_2)","decl":{"start":{"line":20,"column":26},"end":{"line":20,"column":27}},"loc":{"start":{"line":20,"column":55},"end":{"line":33,"column":7}},"line":20},"3":{"name":"(anonymous_3)","decl":{"start":{"line":26,"column":20},"end":{"line":26,"column":21}},"loc":{"start":{"line":27,"column":11},"end":{"line":27,"column":53}},"line":27}},"branchMap":{},"s":{"0":1,"1":11,"2":44,"3":121,"4":1},"f":{"0":11,"1":44,"2":121,"3":1},"b":{},"_coverageSchema":"1a1c01bbd47fc00a2c39e90264f33305004495a9","hash":"f9bff5b67be6cb8230c446ca9d946b69645da272"}
,"/Users/ajitkumarchaubey/Desktop/React-Webpack/src/components/Header.js": {"path":"/Users/ajitkumarchaubey/Desktop/React-Webpack/src/components/Header.js","statementMap":{"0":{"start":{"line":5,"column":22},"end":{"line":43,"column":1}},"1":{"start":{"line":6,"column":23},"end":{"line":6,"column":40}},"2":{"start":{"line":7,"column":1},"end":{"line":42,"column":3}}},"fnMap":{"0":{"name":"(anonymous_0)","decl":{"start":{"line":5,"column":22},"end":{"line":5,"column":23}},"loc":{"start":{"line":5,"column":45},"end":{"line":43,"column":1}},"line":5}},"branchMap":{"0":{"loc":{"start":{"line":28,"column":5},"end":{"line":36,"column":5}},"type":"cond-expr","locations":[{"start":{"line":28,"column":21},"end":{"line":28,"column":25}},{"start":{"line":29,"column":5},"end":{"line":35,"column":12}}],"line":28},"1":{"loc":{"start":{"line":38,"column":18},"end":{"line":38,"column":65}},"type":"cond-expr","locations":[{"start":{"line":38,"column":34},"end":{"line":38,"column":48}},{"start":{"line":38,"column":51},"end":{"line":38,"column":65}}],"line":38}},"s":{"0":3,"1":17,"2":17},"f":{"0":17},"b":{"0":[2,15],"1":[2,15]},"_coverageSchema":"1a1c01bbd47fc00a2c39e90264f33305004495a9","hash":"57707c159f15b497c3c3268f614eab37a7a0ed82"}
,"/Users/ajitkumarchaubey/Desktop/React-Webpack/src/components/LandingPage.js": {"path":"/Users/ajitkumarchaubey/Desktop/React-Webpack/src/components/LandingPage.js","statementMap":{"0":{"start":{"line":8,"column":27},"end":{"line":100,"column":1}},"1":{"start":{"line":9,"column":47},"end":{"line":9,"column":65}},"2":{"start":{"line":10,"column":53},"end":{"line":10,"column":71}},"3":{"start":{"line":11,"column":39},"end":{"line":11,"column":57}},"4":{"start":{"line":13,"column":1},"end":{"line":15,"column":8}},"5":{"start":{"line":14,"column":2},"end":{"line":14,"column":12}},"6":{"start":{"line":17,"column":1},"end":{"line":21,"column":19}},"7":{"start":{"line":18,"column":2},"end":{"line":20,"column":3}},"8":{"start":{"line":19,"column":3},"end":{"line":19,"column":13}},"9":{"start":{"line":22,"column":17},"end":{"line":28,"column":2}},"10":{"start":{"line":23,"column":14},"end":{"line":25,"column":3}},"11":{"start":{"line":26,"column":2},"end":{"line":26,"column":36}},"12":{"start":{"line":27,"column":2},"end":{"line":27,"column":39}},"13":{"start":{"line":30,"column":22},"end":{"line":56,"column":2}},"14":{"start":{"line":31,"column":27},"end":{"line":31,"column":43}},"15":{"start":{"line":33,"column":2},"end":{"line":53,"column":3}},"16":{"start":{"line":34,"column":3},"end":{"line":34,"column":40}},"17":{"start":{"line":35,"column":33},"end":{"line":39,"column":5}},"18":{"start":{"line":36,"column":4},"end":{"line":38,"column":6}},"19":{"start":{"line":41,"column":3},"end":{"line":41,"column":50}},"20":{"start":{"line":43,"column":3},"end":{"line":45,"column":5}},"21":{"start":{"line":44,"column":16},"end":{"line":44,"column":38}},"22":{"start":{"line":46,"column":33},"end":{"line":50,"column":5}},"23":{"start":{"line":47,"column":4},"end":{"line":49,"column":6}},"24":{"start":{"line":48,"column":5},"end":{"line":48,"column":45}},"25":{"start":{"line":52,"column":3},"end":{"line":52,"column":50}},"26":{"start":{"line":55,"column":2},"end":{"line":55,"column":42}},"27":{"start":{"line":58,"column":28},"end":{"line":68,"column":2}},"28":{"start":{"line":59,"column":2},"end":{"line":61,"column":3}},"29":{"start":{"line":60,"column":3},"end":{"line":60,"column":47}},"30":{"start":{"line":62,"column":27},"end":{"line":66,"column":3}},"31":{"start":{"line":64,"column":4},"end":{"line":65,"column":64}},"32":{"start":{"line":67,"column":2},"end":{"line":67,"column":44}},"33":{"start":{"line":69,"column":1},"end":{"line":99,"column":3}},"34":{"start":{"line":89,"column":6},"end":{"line":94,"column":8}}},"fnMap":{"0":{"name":"(anonymous_0)","decl":{"start":{"line":8,"column":27},"end":{"line":8,"column":28}},"loc":{"start":{"line":8,"column":33},"end":{"line":100,"column":1}},"line":8},"1":{"name":"(anonymous_1)","decl":{"start":{"line":13,"column":17},"end":{"line":13,"column":18}},"loc":{"start":{"line":13,"column":23},"end":{"line":15,"column":2}},"line":13},"2":{"name":"(anonymous_2)","decl":{"start":{"line":17,"column":17},"end":{"line":17,"column":18}},"loc":{"start":{"line":17,"column":23},"end":{"line":21,"column":2}},"line":17},"3":{"name":"(anonymous_3)","decl":{"start":{"line":22,"column":17},"end":{"line":22,"column":18}},"loc":{"start":{"line":22,"column":29},"end":{"line":28,"column":2}},"line":22},"4":{"name":"(anonymous_4)","decl":{"start":{"line":30,"column":22},"end":{"line":30,"column":23}},"loc":{"start":{"line":30,"column":58},"end":{"line":56,"column":2}},"line":30},"5":{"name":"(anonymous_5)","decl":{"start":{"line":35,"column":56},"end":{"line":35,"column":57}},"loc":{"start":{"line":35,"column":70},"end":{"line":39,"column":4}},"line":35},"6":{"name":"(anonymous_6)","decl":{"start":{"line":44,"column":4},"end":{"line":44,"column":5}},"loc":{"start":{"line":44,"column":16},"end":{"line":44,"column":38}},"line":44},"7":{"name":"(anonymous_7)","decl":{"start":{"line":46,"column":59},"end":{"line":46,"column":60}},"loc":{"start":{"line":46,"column":73},"end":{"line":50,"column":4}},"line":46},"8":{"name":"(anonymous_8)","decl":{"start":{"line":47,"column":36},"end":{"line":47,"column":37}},"loc":{"start":{"line":48,"column":5},"end":{"line":48,"column":45}},"line":48},"9":{"name":"(anonymous_9)","decl":{"start":{"line":58,"column":28},"end":{"line":58,"column":29}},"loc":{"start":{"line":58,"column":45},"end":{"line":68,"column":2}},"line":58},"10":{"name":"(anonymous_10)","decl":{"start":{"line":63,"column":3},"end":{"line":63,"column":4}},"loc":{"start":{"line":64,"column":4},"end":{"line":65,"column":64}},"line":64},"11":{"name":"(anonymous_11)","decl":{"start":{"line":88,"column":26},"end":{"line":88,"column":27}},"loc":{"start":{"line":89,"column":6},"end":{"line":94,"column":8}},"line":89}},"branchMap":{"0":{"loc":{"start":{"line":18,"column":2},"end":{"line":20,"column":3}},"type":"if","locations":[{"start":{"line":18,"column":2},"end":{"line":20,"column":3}},{"start":{},"end":{}}],"line":18},"1":{"loc":{"start":{"line":33,"column":2},"end":{"line":53,"column":3}},"type":"if","locations":[{"start":{"line":33,"column":2},"end":{"line":53,"column":3}},{"start":{"line":42,"column":9},"end":{"line":53,"column":3}}],"line":33},"2":{"loc":{"start":{"line":59,"column":2},"end":{"line":61,"column":3}},"type":"if","locations":[{"start":{"line":59,"column":2},"end":{"line":61,"column":3}},{"start":{},"end":{}}],"line":59},"3":{"loc":{"start":{"line":64,"column":4},"end":{"line":65,"column":64}},"type":"binary-expr","locations":[{"start":{"line":64,"column":4},"end":{"line":64,"column":63}},{"start":{"line":65,"column":4},"end":{"line":65,"column":64}}],"line":64}},"s":{"0":1,"1":10,"2":10,"3":10,"4":10,"5":4,"6":10,"7":5,"8":4,"9":10,"10":8,"11":8,"12":8,"13":10,"14":1,"15":1,"16":1,"17":1,"18":2,"19":1,"20":0,"21":0,"22":0,"23":0,"24":0,"25":0,"26":1,"27":10,"28":1,"29":0,"30":1,"31":2,"32":1,"33":10,"34":8},"f":{"0":10,"1":4,"2":5,"3":8,"4":1,"5":2,"6":0,"7":0,"8":0,"9":1,"10":2,"11":8},"b":{"0":[4,1],"1":[1,0],"2":[0,1],"3":[2,1]},"_coverageSchema":"1a1c01bbd47fc00a2c39e90264f33305004495a9","hash":"1e509421c7eed1b44f319b74114627ec18238dd7"}
,"/Users/ajitkumarchaubey/Desktop/React-Webpack/src/components/Product.js": {"path":"/Users/ajitkumarchaubey/Desktop/React-Webpack/src/components/Product.js","statementMap":{"0":{"start":{"line":5,"column":23},"end":{"line":92,"column":1}},"1":{"start":{"line":6,"column":55},"end":{"line":6,"column":72}},"2":{"start":{"line":8,"column":20},"end":{"line":12,"column":16}},"3":{"start":{"line":9,"column":2},"end":{"line":11,"column":8}},"4":{"start":{"line":10,"column":3},"end":{"line":10,"column":28}},"5":{"start":{"line":14,"column":19},"end":{"line":22,"column":16}},"6":{"start":{"line":15,"column":2},"end":{"line":21,"column":9}},"7":{"start":{"line":16,"column":3},"end":{"line":18,"column":4}},"8":{"start":{"line":16,"column":31},"end":{"line":16,"column":54}},"9":{"start":{"line":17,"column":4},"end":{"line":17,"column":19}},"10":{"start":{"line":20,"column":3},"end":{"line":20,"column":14}},"11":{"start":{"line":23,"column":1},"end":{"line":91,"column":3}},"12":{"start":{"line":36,"column":6},"end":{"line":74,"column":8}},"13":{"start":{"line":69,"column":24},"end":{"line":69,"column":49}}},"fnMap":{"0":{"name":"(anonymous_0)","decl":{"start":{"line":5,"column":23},"end":{"line":5,"column":24}},"loc":{"start":{"line":5,"column":29},"end":{"line":92,"column":1}},"line":5},"1":{"name":"(anonymous_1)","decl":{"start":{"line":8,"column":28},"end":{"line":8,"column":29}},"loc":{"start":{"line":8,"column":34},"end":{"line":12,"column":2}},"line":8},"2":{"name":"(anonymous_2)","decl":{"start":{"line":9,"column":26},"end":{"line":9,"column":27}},"loc":{"start":{"line":9,"column":41},"end":{"line":11,"column":3}},"line":9},"3":{"name":"(anonymous_3)","decl":{"start":{"line":14,"column":27},"end":{"line":14,"column":28}},"loc":{"start":{"line":14,"column":33},"end":{"line":22,"column":2}},"line":14},"4":{"name":"(anonymous_4)","decl":{"start":{"line":15,"column":26},"end":{"line":15,"column":27}},"loc":{"start":{"line":15,"column":41},"end":{"line":21,"column":3}},"line":15},"5":{"name":"(anonymous_5)","decl":{"start":{"line":16,"column":21},"end":{"line":16,"column":22}},"loc":{"start":{"line":16,"column":31},"end":{"line":16,"column":54}},"line":16},"6":{"name":"(anonymous_6)","decl":{"start":{"line":35,"column":21},"end":{"line":35,"column":22}},"loc":{"start":{"line":35,"column":31},"end":{"line":75,"column":6}},"line":35},"7":{"name":"(anonymous_7)","decl":{"start":{"line":69,"column":18},"end":{"line":69,"column":19}},"loc":{"start":{"line":69,"column":24},"end":{"line":69,"column":49}},"line":69}},"branchMap":{"0":{"loc":{"start":{"line":16,"column":3},"end":{"line":18,"column":4}},"type":"if","locations":[{"start":{"line":16,"column":3},"end":{"line":18,"column":4}},{"start":{},"end":{}}],"line":16},"1":{"loc":{"start":{"line":77,"column":5},"end":{"line":88,"column":5}},"type":"binary-expr","locations":[{"start":{"line":77,"column":5},"end":{"line":77,"column":25}},{"start":{"line":78,"column":5},"end":{"line":87,"column":8}}],"line":77}},"s":{"0":1,"1":2,"2":2,"3":2,"4":0,"5":2,"6":2,"7":0,"8":0,"9":0,"10":0,"11":2,"12":0,"13":0},"f":{"0":2,"1":2,"2":0,"3":2,"4":0,"5":0,"6":0,"7":0},"b":{"0":[0,0],"1":[2,0]},"_coverageSchema":"1a1c01bbd47fc00a2c39e90264f33305004495a9","hash":"e1afedf934975f790fa09bace56f4679ff6cf7dd"}
,"/Users/ajitkumarchaubey/Desktop/React-Webpack/src/components/ProductCard.js": {"path":"/Users/ajitkumarchaubey/Desktop/React-Webpack/src/components/ProductCard.js","statementMap":{"0":{"start":{"line":4,"column":27},"end":{"line":45,"column":1}},"1":{"start":{"line":5,"column":44},"end":{"line":5,"column":61}},"2":{"start":{"line":6,"column":1},"end":{"line":44,"column":3}},"3":{"start":{"line":35,"column":6},"end":{"line":37,"column":31}}},"fnMap":{"0":{"name":"(anonymous_0)","decl":{"start":{"line":4,"column":27},"end":{"line":4,"column":28}},"loc":{"start":{"line":4,"column":53},"end":{"line":45,"column":1}},"line":4},"1":{"name":"(anonymous_1)","decl":{"start":{"line":34,"column":14},"end":{"line":34,"column":15}},"loc":{"start":{"line":35,"column":6},"end":{"line":37,"column":31}},"line":35}},"branchMap":{"0":{"loc":{"start":{"line":35,"column":6},"end":{"line":37,"column":31}},"type":"cond-expr","locations":[{"start":{"line":36,"column":9},"end":{"line":36,"column":42}},{"start":{"line":37,"column":9},"end":{"line":37,"column":31}}],"line":35}},"s":{"0":2,"1":10,"2":10,"3":1},"f":{"0":10,"1":1},"b":{"0":[0,1]},"_coverageSchema":"1a1c01bbd47fc00a2c39e90264f33305004495a9","hash":"1a65a4b6e223193d7e769e22b6c6e468402970ed"}
,"/Users/ajitkumarchaubey/Desktop/React-Webpack/src/components/SearchBar.js": {"path":"/Users/ajitkumarchaubey/Desktop/React-Webpack/src/components/SearchBar.js","statementMap":{"0":{"start":{"line":3,"column":25},"end":{"line":36,"column":1}},"1":{"start":{"line":4,"column":39},"end":{"line":4,"column":57}},"2":{"start":{"line":5,"column":1},"end":{"line":35,"column":3}},"3":{"start":{"line":11,"column":25},"end":{"line":11,"column":59}},"4":{"start":{"line":30,"column":19},"end":{"line":30,"column":44}}},"fnMap":{"0":{"name":"(anonymous_0)","decl":{"start":{"line":3,"column":25},"end":{"line":3,"column":26}},"loc":{"start":{"line":3,"column":47},"end":{"line":36,"column":1}},"line":3},"1":{"name":"(anonymous_1)","decl":{"start":{"line":11,"column":14},"end":{"line":11,"column":15}},"loc":{"start":{"line":11,"column":25},"end":{"line":11,"column":59}},"line":11},"2":{"name":"(anonymous_2)","decl":{"start":{"line":30,"column":13},"end":{"line":30,"column":14}},"loc":{"start":{"line":30,"column":19},"end":{"line":30,"column":44}},"line":30}},"branchMap":{},"s":{"0":1,"1":12,"2":12,"3":1,"4":1},"f":{"0":12,"1":1,"2":1},"b":{},"_coverageSchema":"1a1c01bbd47fc00a2c39e90264f33305004495a9","hash":"c264ae8fe865af7228174e54ef1e2bb68826982d"}
}
