TN:
SF:src/components/Filters.js
FN:4,(anonymous_0)
FN:16,(anonymous_1)
FN:20,(anonymous_2)
FN:26,(anonymous_3)
FNF:4
FNH:4
FNDA:11,(anonymous_0)
FNDA:44,(anonymous_1)
FNDA:121,(anonymous_2)
FNDA:1,(anonymous_3)
DA:4,1
DA:5,11
DA:17,44
DA:21,121
DA:27,1
LF:5
LH:5
BRF:0
BRH:0
end_of_record
TN:
SF:src/components/Header.js
FN:5,(anonymous_0)
FNF:1
FNH:1
FNDA:17,(anonymous_0)
DA:5,3
DA:6,17
DA:7,17
LF:3
LH:3
BRDA:28,0,0,2
BRDA:28,0,1,15
BRDA:38,1,0,2
BRDA:38,1,1,15
BRF:4
BRH:4
end_of_record
TN:
SF:src/components/LandingPage.js
FN:8,(anonymous_0)
FN:13,(anonymous_1)
FN:17,(anonymous_2)
FN:22,(anonymous_3)
FN:30,(anonymous_4)
FN:35,(anonymous_5)
FN:44,(anonymous_6)
FN:46,(anonymous_7)
FN:47,(anonymous_8)
FN:58,(anonymous_9)
FN:63,(anonymous_10)
FN:88,(anonymous_11)
FNF:12
FNH:9
FNDA:10,(anonymous_0)
FNDA:4,(anonymous_1)
FNDA:5,(anonymous_2)
FNDA:8,(anonymous_3)
FNDA:1,(anonymous_4)
FNDA:2,(anonymous_5)
FNDA:0,(anonymous_6)
FNDA:0,(anonymous_7)
FNDA:0,(anonymous_8)
FNDA:1,(anonymous_9)
FNDA:2,(anonymous_10)
FNDA:8,(anonymous_11)
DA:8,1
DA:9,10
DA:10,10
DA:11,10
DA:13,10
DA:14,4
DA:17,10
DA:18,5
DA:19,4
DA:22,10
DA:23,8
DA:26,8
DA:27,8
DA:30,10
DA:31,1
DA:33,1
DA:34,1
DA:35,1
DA:36,2
DA:41,1
DA:43,0
DA:44,0
DA:46,0
DA:47,0
DA:48,0
DA:52,0
DA:55,1
DA:58,10
DA:59,1
DA:60,0
DA:62,1
DA:64,2
DA:67,1
DA:69,10
DA:89,8
LF:35
LH:28
BRDA:18,0,0,4
BRDA:18,0,1,1
BRDA:33,1,0,1
BRDA:33,1,1,0
BRDA:59,2,0,0
BRDA:59,2,1,1
BRDA:64,3,0,2
BRDA:64,3,1,1
BRF:8
BRH:6
end_of_record
TN:
SF:src/components/Product.js
FN:5,(anonymous_0)
FN:8,(anonymous_1)
FN:9,(anonymous_2)
FN:14,(anonymous_3)
FN:15,(anonymous_4)
FN:16,(anonymous_5)
FN:35,(anonymous_6)
FN:69,(anonymous_7)
FNF:8
FNH:3
FNDA:2,(anonymous_0)
FNDA:2,(anonymous_1)
FNDA:0,(anonymous_2)
FNDA:2,(anonymous_3)
FNDA:0,(anonymous_4)
FNDA:0,(anonymous_5)
FNDA:0,(anonymous_6)
FNDA:0,(anonymous_7)
DA:5,1
DA:6,2
DA:8,2
DA:9,2
DA:10,0
DA:14,2
DA:15,2
DA:16,0
DA:17,0
DA:20,0
DA:23,2
DA:36,0
DA:69,0
LF:13
LH:7
BRDA:16,0,0,0
BRDA:16,0,1,0
BRDA:77,1,0,2
BRDA:77,1,1,0
BRF:4
BRH:1
end_of_record
TN:
SF:src/components/ProductCard.js
FN:4,(anonymous_0)
FN:34,(anonymous_1)
FNF:2
FNH:2
FNDA:10,(anonymous_0)
FNDA:1,(anonymous_1)
DA:4,2
DA:5,10
DA:6,10
DA:35,1
LF:4
LH:4
BRDA:35,0,0,0
BRDA:35,0,1,1
BRF:2
BRH:1
end_of_record
TN:
SF:src/components/SearchBar.js
FN:3,(anonymous_0)
FN:11,(anonymous_1)
FN:30,(anonymous_2)
FNF:3
FNH:3
FNDA:12,(anonymous_0)
FNDA:1,(anonymous_1)
FNDA:1,(anonymous_2)
DA:3,1
DA:4,12
DA:5,12
DA:11,1
DA:30,1
LF:5
LH:5
BRF:0
BRH:0
end_of_record
